{"@timestamp":"2023-01-17T15:52:13+01:00","level":"INFO","app_name":"jamo-backend","message":"Initializing Mongo!"}
{"@timestamp":"2023-01-17T15:52:13+01:00","level":"INFO","app_name":"jamo-backend","message":"Establishing mongoDB connection with given credentials..."}
{"@timestamp":"2023-01-17T15:52:13+01:00","level":"INFO","app_name":"jamo-backend","message":"Connecting to MongoDB..."}
{"@timestamp":"2023-01-17T15:52:13+01:00","level":"INFO","app_name":"jamo-backend","message":"Confirming MongoDB Connection..."}
{"@timestamp":"2023-01-17T15:52:13+01:00","level":"INFO","app_name":"jamo-backend","message":"Establishing Database collections and indexes..."}
{"@timestamp":"2023-01-17T15:52:13+01:00","level":"INFO","app_name":"jamo-backend","message":"MongoDB Initialized!"}
{"@timestamp":"2023-01-17T15:52:13+01:00","level":"INFO","app_name":"jamo-backend","message":"Configuring Routes!"}
{"@timestamp":"2023-01-17T15:52:13+01:00","level":"INFO","app_name":"jamo-backend","message":"server started"}
{"@timestamp":"2023-01-17T15:53:14+01:00","level":"INFO","app_name":"jamo-backend","message":"Initializing Mongo!"}
{"@timestamp":"2023-01-17T15:53:14+01:00","level":"INFO","app_name":"jamo-backend","message":"Establishing mongoDB connection with given credentials..."}
{"@timestamp":"2023-01-17T15:53:14+01:00","level":"INFO","app_name":"jamo-backend","message":"Connecting to MongoDB..."}
{"@timestamp":"2023-01-17T15:53:14+01:00","level":"INFO","app_name":"jamo-backend","message":"Confirming MongoDB Connection..."}
{"@timestamp":"2023-01-17T15:53:14+01:00","level":"INFO","app_name":"jamo-backend","message":"Establishing Database collections and indexes..."}
{"@timestamp":"2023-01-17T15:53:14+01:00","level":"INFO","app_name":"jamo-backend","message":"MongoDB Initialized!"}
{"@timestamp":"2023-01-17T15:53:14+01:00","level":"INFO","app_name":"jamo-backend","message":"Configuring Routes!"}
{"@timestamp":"2023-01-17T15:53:14+01:00","level":"INFO","app_name":"jamo-backend","message":"server started"}
{"@timestamp":"2023-01-17T15:56:00+01:00","level":"INFO","app_name":"jamo-backend","message":"Initializing Mongo!"}
{"@timestamp":"2023-01-17T15:56:00+01:00","level":"INFO","app_name":"jamo-backend","message":"Establishing mongoDB connection with given credentials..."}
{"@timestamp":"2023-01-17T15:56:00+01:00","level":"INFO","app_name":"jamo-backend","message":"Connecting to MongoDB..."}
{"@timestamp":"2023-01-17T15:56:00+01:00","level":"INFO","app_name":"jamo-backend","message":"Confirming MongoDB Connection..."}
{"@timestamp":"2023-01-17T15:56:00+01:00","level":"INFO","app_name":"jamo-backend","message":"Establishing Database collections and indexes..."}
{"@timestamp":"2023-01-17T15:56:00+01:00","level":"INFO","app_name":"jamo-backend","message":"MongoDB Initialized!"}
{"@timestamp":"2023-01-17T15:56:00+01:00","level":"INFO","app_name":"jamo-backend","message":"Configuring Routes!"}
{"@timestamp":"2023-01-17T15:56:00+01:00","level":"INFO","app_name":"jamo-backend","message":"server started"}
{"@timestamp":"2023-01-17T15:59:15+01:00","level":"INFO","app_name":"jamo-backend","message":"Initializing Mongo!"}
{"@timestamp":"2023-01-17T15:59:15+01:00","level":"INFO","app_name":"jamo-backend","message":"Establishing mongoDB connection with given credentials..."}
{"@timestamp":"2023-01-17T15:59:15+01:00","level":"INFO","app_name":"jamo-backend","message":"Connecting to MongoDB..."}
{"@timestamp":"2023-01-17T15:59:15+01:00","level":"INFO","app_name":"jamo-backend","message":"Confirming MongoDB Connection..."}
{"@timestamp":"2023-01-17T15:59:15+01:00","level":"INFO","app_name":"jamo-backend","message":"Establishing Database collections and indexes..."}
{"@timestamp":"2023-01-17T15:59:15+01:00","level":"INFO","app_name":"jamo-backend","message":"MongoDB Initialized!"}
{"@timestamp":"2023-01-17T15:59:15+01:00","level":"INFO","app_name":"jamo-backend","message":"Configuring Routes!"}
{"@timestamp":"2023-01-17T15:59:15+01:00","level":"INFO","app_name":"jamo-backend","message":"server started"}
{"@timestamp":"2023-01-17T16:00:18+01:00","level":"INFO","app_name":"jamo-backend","message":"Initializing Mongo!"}
{"@timestamp":"2023-01-17T16:00:18+01:00","level":"INFO","app_name":"jamo-backend","message":"Establishing mongoDB connection with given credentials..."}
{"@timestamp":"2023-01-17T16:00:18+01:00","level":"INFO","app_name":"jamo-backend","message":"Connecting to MongoDB..."}
{"@timestamp":"2023-01-17T16:00:18+01:00","level":"INFO","app_name":"jamo-backend","message":"Confirming MongoDB Connection..."}
{"@timestamp":"2023-01-17T16:00:18+01:00","level":"INFO","app_name":"jamo-backend","message":"Establishing Database collections and indexes..."}
{"@timestamp":"2023-01-17T16:00:18+01:00","level":"INFO","app_name":"jamo-backend","message":"MongoDB Initialized!"}
{"@timestamp":"2023-01-17T16:00:18+01:00","level":"INFO","app_name":"jamo-backend","message":"Configuring Routes!"}
{"@timestamp":"2023-01-17T16:00:18+01:00","level":"INFO","app_name":"jamo-backend","message":"server started"}
{"@timestamp":"2023-01-17T16:01:43+01:00","level":"INFO","app_name":"jamo-backend","message":"Initializing Mongo!"}
{"@timestamp":"2023-01-17T16:01:43+01:00","level":"INFO","app_name":"jamo-backend","message":"Establishing mongoDB connection with given credentials..."}
{"@timestamp":"2023-01-17T16:01:43+01:00","level":"INFO","app_name":"jamo-backend","message":"Connecting to MongoDB..."}
{"@timestamp":"2023-01-17T16:01:43+01:00","level":"INFO","app_name":"jamo-backend","message":"Confirming MongoDB Connection..."}
{"@timestamp":"2023-01-17T16:01:43+01:00","level":"INFO","app_name":"jamo-backend","message":"Establishing Database collections and indexes..."}
{"@timestamp":"2023-01-17T16:01:43+01:00","level":"INFO","app_name":"jamo-backend","message":"MongoDB Initialized!"}
{"@timestamp":"2023-01-17T16:01:43+01:00","level":"INFO","app_name":"jamo-backend","message":"Configuring Routes!"}
{"@timestamp":"2023-01-17T16:01:43+01:00","level":"INFO","app_name":"jamo-backend","message":"server started"}
{"@timestamp":"2023-01-17T16:04:28+01:00","level":"INFO","app_name":"jamo-backend","message":"Initializing Mongo!"}
{"@timestamp":"2023-01-17T16:04:28+01:00","level":"INFO","app_name":"jamo-backend","message":"Establishing mongoDB connection with given credentials..."}
{"@timestamp":"2023-01-17T16:04:28+01:00","level":"INFO","app_name":"jamo-backend","message":"Connecting to MongoDB..."}
{"@timestamp":"2023-01-17T16:04:28+01:00","level":"INFO","app_name":"jamo-backend","message":"Confirming MongoDB Connection..."}
{"@timestamp":"2023-01-17T16:04:29+01:00","level":"INFO","app_name":"jamo-backend","message":"Establishing Database collections and indexes..."}
{"@timestamp":"2023-01-17T16:04:29+01:00","level":"INFO","app_name":"jamo-backend","message":"MongoDB Initialized!"}
{"@timestamp":"2023-01-17T16:04:29+01:00","level":"INFO","app_name":"jamo-backend","message":"Configuring Routes!"}
{"@timestamp":"2023-01-17T16:04:29+01:00","level":"INFO","app_name":"jamo-backend","message":"server started"}
{"@timestamp":"2023-01-17T16:05:00+01:00","level":"INFO","app_name":"jamo-backend","message":"Initializing Mongo!"}
{"@timestamp":"2023-01-17T16:05:00+01:00","level":"INFO","app_name":"jamo-backend","message":"Establishing mongoDB connection with given credentials..."}
{"@timestamp":"2023-01-17T16:05:00+01:00","level":"INFO","app_name":"jamo-backend","message":"Connecting to MongoDB..."}
{"@timestamp":"2023-01-17T16:05:00+01:00","level":"INFO","app_name":"jamo-backend","message":"Confirming MongoDB Connection..."}
{"@timestamp":"2023-01-17T16:05:00+01:00","level":"INFO","app_name":"jamo-backend","message":"Establishing Database collections and indexes..."}
{"@timestamp":"2023-01-17T16:05:00+01:00","level":"INFO","app_name":"jamo-backend","message":"MongoDB Initialized!"}
{"@timestamp":"2023-01-17T16:05:00+01:00","level":"INFO","app_name":"jamo-backend","message":"Configuring Routes!"}
{"@timestamp":"2023-01-17T16:05:00+01:00","level":"INFO","app_name":"jamo-backend","message":"server started"}
{"@timestamp":"2023-01-18T00:49:14+01:00","level":"INFO","app_name":"jamo-backend","message":"Initializing Mongo!"}
{"@timestamp":"2023-01-18T00:49:14+01:00","level":"INFO","app_name":"jamo-backend","message":"Establishing mongoDB connection with given credentials..."}
{"@timestamp":"2023-01-18T00:49:14+01:00","level":"INFO","app_name":"jamo-backend","message":"Connecting to MongoDB..."}
{"@timestamp":"2023-01-18T00:49:14+01:00","level":"INFO","app_name":"jamo-backend","message":"Confirming MongoDB Connection..."}
{"@timestamp":"2023-01-18T00:49:14+01:00","level":"INFO","app_name":"jamo-backend","message":"Establishing Database collections and indexes..."}
{"@timestamp":"2023-01-18T00:49:14+01:00","level":"INFO","app_name":"jamo-backend","message":"MongoDB Initialized!"}
{"@timestamp":"2023-01-18T00:49:14+01:00","level":"INFO","app_name":"jamo-backend","message":"Configuring Routes!"}
{"@timestamp":"2023-01-18T00:49:14+01:00","level":"INFO","app_name":"jamo-backend","message":"server started"}
{"@timestamp":"2023-01-18T12:49:00+01:00","level":"INFO","app_name":"jamo-backend","message":"Initializing Mongo!"}
{"@timestamp":"2023-01-18T12:49:00+01:00","level":"INFO","app_name":"jamo-backend","message":"Establishing mongoDB connection with given credentials..."}
{"@timestamp":"2023-01-18T12:49:00+01:00","level":"INFO","app_name":"jamo-backend","message":"Connecting to MongoDB..."}
{"@timestamp":"2023-01-18T12:49:00+01:00","level":"INFO","app_name":"jamo-backend","message":"Confirming MongoDB Connection..."}
{"@timestamp":"2023-01-18T12:49:00+01:00","level":"INFO","app_name":"jamo-backend","message":"Establishing Database collections and indexes..."}
{"@timestamp":"2023-01-18T12:49:00+01:00","level":"INFO","app_name":"jamo-backend","message":"MongoDB Initialized!"}
{"@timestamp":"2023-01-18T12:49:00+01:00","level":"INFO","app_name":"jamo-backend","message":"Configuring Routes!"}
{"@timestamp":"2023-01-18T12:49:00+01:00","level":"INFO","app_name":"jamo-backend","message":"server started"}
{"@timestamp":"2023-01-18T14:29:51+01:00","level":"INFO","app_name":"jamo-backend","message":"Initializing Mongo!"}
{"@timestamp":"2023-01-18T14:29:51+01:00","level":"INFO","app_name":"jamo-backend","message":"Establishing mongoDB connection with given credentials..."}
{"@timestamp":"2023-01-18T14:29:51+01:00","level":"INFO","app_name":"jamo-backend","message":"Connecting to MongoDB..."}
{"@timestamp":"2023-01-18T14:29:51+01:00","level":"INFO","app_name":"jamo-backend","message":"Confirming MongoDB Connection..."}
{"@timestamp":"2023-01-18T14:29:51+01:00","level":"INFO","app_name":"jamo-backend","message":"Establishing Database collections and indexes..."}
{"@timestamp":"2023-01-18T14:29:51+01:00","level":"INFO","app_name":"jamo-backend","message":"MongoDB Initialized!"}
{"@timestamp":"2023-01-18T14:29:51+01:00","level":"INFO","app_name":"jamo-backend","message":"Configuring Routes!"}
{"@timestamp":"2023-01-18T14:29:51+01:00","level":"INFO","app_name":"jamo-backend","message":"server started"}
{"@timestamp":"2023-01-18T14:49:20+01:00","level":"INFO","app_name":"jamo-backend","message":"Initializing Mongo!"}
{"@timestamp":"2023-01-18T14:49:20+01:00","level":"INFO","app_name":"jamo-backend","message":"Establishing mongoDB connection with given credentials..."}
{"@timestamp":"2023-01-18T14:49:20+01:00","level":"INFO","app_name":"jamo-backend","message":"Connecting to MongoDB..."}
{"@timestamp":"2023-01-18T14:49:20+01:00","level":"INFO","app_name":"jamo-backend","message":"Confirming MongoDB Connection..."}
{"@timestamp":"2023-01-18T14:49:21+01:00","level":"INFO","app_name":"jamo-backend","message":"Establishing Database collections and indexes..."}
{"@timestamp":"2023-01-18T14:49:21+01:00","level":"INFO","app_name":"jamo-backend","message":"MongoDB Initialized!"}
{"@timestamp":"2023-01-18T14:49:21+01:00","level":"INFO","app_name":"jamo-backend","message":"Configuring Routes!"}
{"@timestamp":"2023-01-18T14:49:21+01:00","level":"INFO","app_name":"jamo-backend","message":"server started"}
{"@timestamp":"2023-01-18T15:06:35+01:00","level":"INFO","app_name":"jamo-backend","message":"Initializing Mongo!"}
{"@timestamp":"2023-01-18T15:06:35+01:00","level":"INFO","app_name":"jamo-backend","message":"Establishing mongoDB connection with given credentials..."}
{"@timestamp":"2023-01-18T15:06:35+01:00","level":"INFO","app_name":"jamo-backend","message":"Connecting to MongoDB..."}
{"@timestamp":"2023-01-18T15:06:35+01:00","level":"INFO","app_name":"jamo-backend","message":"Confirming MongoDB Connection..."}
{"@timestamp":"2023-01-18T15:06:35+01:00","level":"INFO","app_name":"jamo-backend","message":"Establishing Database collections and indexes..."}
{"@timestamp":"2023-01-18T15:06:35+01:00","level":"INFO","app_name":"jamo-backend","message":"MongoDB Initialized!"}
{"@timestamp":"2023-01-18T15:06:35+01:00","level":"INFO","app_name":"jamo-backend","message":"Configuring Routes!"}
{"@timestamp":"2023-01-18T15:06:35+01:00","level":"INFO","app_name":"jamo-backend","message":"server started"}
{"@timestamp":"2023-01-18T22:03:03+01:00","level":"INFO","app_name":"jamo-backend","message":"Initializing Mongo!"}
{"@timestamp":"2023-01-18T22:03:03+01:00","level":"INFO","app_name":"jamo-backend","message":"Establishing mongoDB connection with given credentials..."}
{"@timestamp":"2023-01-18T22:03:03+01:00","level":"INFO","app_name":"jamo-backend","message":"Connecting to MongoDB..."}
{"@timestamp":"2023-01-18T22:03:03+01:00","level":"INFO","app_name":"jamo-backend","message":"Confirming MongoDB Connection..."}
{"@timestamp":"2023-01-18T22:03:04+01:00","level":"INFO","app_name":"jamo-backend","message":"Establishing Database collections and indexes..."}
{"@timestamp":"2023-01-18T22:03:04+01:00","level":"INFO","app_name":"jamo-backend","message":"MongoDB Initialized!"}
{"@timestamp":"2023-01-18T22:03:04+01:00","level":"INFO","app_name":"jamo-backend","message":"Configuring Routes!"}
{"@timestamp":"2023-01-18T22:03:04+01:00","level":"INFO","app_name":"jamo-backend","message":"server started"}
{"@timestamp":"2023-01-18T22:20:53+01:00","level":"INFO","app_name":"jamo-backend","message":"Initializing Mongo!"}
{"@timestamp":"2023-01-18T22:20:53+01:00","level":"INFO","app_name":"jamo-backend","message":"Establishing mongoDB connection with given credentials..."}
{"@timestamp":"2023-01-18T22:20:53+01:00","level":"INFO","app_name":"jamo-backend","message":"Connecting to MongoDB..."}
{"@timestamp":"2023-01-18T22:20:53+01:00","level":"INFO","app_name":"jamo-backend","message":"Confirming MongoDB Connection..."}
{"@timestamp":"2023-01-18T22:20:53+01:00","level":"INFO","app_name":"jamo-backend","message":"Establishing Database collections and indexes..."}
{"@timestamp":"2023-01-18T22:20:53+01:00","level":"INFO","app_name":"jamo-backend","message":"MongoDB Initialized!"}
{"@timestamp":"2023-01-18T22:20:53+01:00","level":"INFO","app_name":"jamo-backend","message":"Configuring Routes!"}
{"@timestamp":"2023-01-18T22:20:53+01:00","level":"INFO","app_name":"jamo-backend","message":"server started"}
{"@timestamp":"2023-01-18T22:22:41+01:00","level":"INFO","app_name":"jamo-backend","message":"Initializing Mongo!"}
{"@timestamp":"2023-01-18T22:22:41+01:00","level":"INFO","app_name":"jamo-backend","message":"Establishing mongoDB connection with given credentials..."}
{"@timestamp":"2023-01-18T22:22:41+01:00","level":"INFO","app_name":"jamo-backend","message":"Connecting to MongoDB..."}
{"@timestamp":"2023-01-18T22:22:41+01:00","level":"INFO","app_name":"jamo-backend","message":"Confirming MongoDB Connection..."}
{"@timestamp":"2023-01-18T22:22:41+01:00","level":"INFO","app_name":"jamo-backend","message":"Establishing Database collections and indexes..."}
{"@timestamp":"2023-01-18T22:22:41+01:00","level":"INFO","app_name":"jamo-backend","message":"MongoDB Initialized!"}
{"@timestamp":"2023-01-18T22:22:41+01:00","level":"INFO","app_name":"jamo-backend","message":"Configuring Routes!"}
{"@timestamp":"2023-01-18T22:22:41+01:00","level":"INFO","app_name":"jamo-backend","message":"server started"}
{"@timestamp":"2023-01-18T23:01:14+01:00","level":"INFO","app_name":"jamo-backend","message":"Initializing Mongo!"}
{"@timestamp":"2023-01-18T23:01:14+01:00","level":"INFO","app_name":"jamo-backend","message":"Establishing mongoDB connection with given credentials..."}
{"@timestamp":"2023-01-18T23:01:14+01:00","level":"INFO","app_name":"jamo-backend","message":"Connecting to MongoDB..."}
{"@timestamp":"2023-01-18T23:01:14+01:00","level":"INFO","app_name":"jamo-backend","message":"Confirming MongoDB Connection..."}
{"@timestamp":"2023-01-18T23:01:14+01:00","level":"INFO","app_name":"jamo-backend","message":"Establishing Database collections and indexes..."}
{"@timestamp":"2023-01-18T23:04:10+01:00","level":"INFO","app_name":"jamo-backend","message":"Initializing Mongo!"}
{"@timestamp":"2023-01-18T23:04:10+01:00","level":"INFO","app_name":"jamo-backend","message":"Establishing mongoDB connection with given credentials..."}
{"@timestamp":"2023-01-18T23:04:10+01:00","level":"INFO","app_name":"jamo-backend","message":"Connecting to MongoDB..."}
{"@timestamp":"2023-01-18T23:04:10+01:00","level":"INFO","app_name":"jamo-backend","message":"Confirming MongoDB Connection..."}
{"@timestamp":"2023-01-18T23:04:11+01:00","level":"INFO","app_name":"jamo-backend","message":"Establishing Database collections and indexes..."}
{"@timestamp":"2023-01-18T23:04:11+01:00","level":"INFO","app_name":"jamo-backend","message":"MongoDB Initialized!"}
{"@timestamp":"2023-01-18T23:04:11+01:00","level":"INFO","app_name":"jamo-backend","message":"Configuring Routes!"}
{"@timestamp":"2023-01-18T23:04:11+01:00","level":"INFO","app_name":"jamo-backend","message":"server started"}
{"@timestamp":"2023-01-18T23:05:17+01:00","level":"INFO","app_name":"jamo-backend","message":"Initializing Mongo!"}
{"@timestamp":"2023-01-18T23:05:17+01:00","level":"INFO","app_name":"jamo-backend","message":"Establishing mongoDB connection with given credentials..."}
{"@timestamp":"2023-01-18T23:05:18+01:00","level":"INFO","app_name":"jamo-backend","message":"Connecting to MongoDB..."}
{"@timestamp":"2023-01-18T23:05:18+01:00","level":"INFO","app_name":"jamo-backend","message":"Confirming MongoDB Connection..."}
{"@timestamp":"2023-01-18T23:05:21+01:00","level":"INFO","app_name":"jamo-backend","message":"Establishing Database collections and indexes..."}
{"@timestamp":"2023-01-18T23:05:21+01:00","level":"INFO","app_name":"jamo-backend","message":"MongoDB Initialized!"}
{"@timestamp":"2023-01-18T23:05:21+01:00","level":"INFO","app_name":"jamo-backend","message":"Configuring Routes!"}
{"@timestamp":"2023-01-18T23:05:21+01:00","level":"INFO","app_name":"jamo-backend","message":"server started"}
{"@timestamp":"2023-01-18T23:06:25+01:00","level":"ERROR","app_name":"jamo-backend","message":"binding order error: Key: 'Order.DeliveryInfo.RecipientName' Error:Field validation for 'RecipientName' failed on the 'required' tag\nKey: 'Order.DeliveryInfo.RecipientEmail' Error:Field validation for 'RecipientEmail' failed on the 'email' tag\nKey: 'Order.DeliveryInfo.RecipientPhoneNumber' Error:Field validation for 'RecipientPhoneNumber' failed on the 'required' tag\nKey: 'Order.DeliveryInfo.RecipientAddress' Error:Field validation for 'RecipientAddress' failed on the 'required' tag"}
{"@timestamp":"2023-01-18T23:22:20+01:00","level":"INFO","app_name":"jamo-backend","message":"Initializing Mongo!"}
{"@timestamp":"2023-01-18T23:22:20+01:00","level":"INFO","app_name":"jamo-backend","message":"Establishing mongoDB connection with given credentials..."}
{"@timestamp":"2023-01-18T23:22:21+01:00","level":"INFO","app_name":"jamo-backend","message":"Connecting to MongoDB..."}
{"@timestamp":"2023-01-18T23:22:21+01:00","level":"INFO","app_name":"jamo-backend","message":"Confirming MongoDB Connection..."}
{"@timestamp":"2023-01-18T23:22:24+01:00","level":"INFO","app_name":"jamo-backend","message":"Establishing Database collections and indexes..."}
{"@timestamp":"2023-01-18T23:22:24+01:00","level":"INFO","app_name":"jamo-backend","message":"MongoDB Initialized!"}
{"@timestamp":"2023-01-18T23:22:24+01:00","level":"INFO","app_name":"jamo-backend","message":"Configuring Routes!"}
{"@timestamp":"2023-01-18T23:22:24+01:00","level":"INFO","app_name":"jamo-backend","message":"server started"}
